<?xml version="1.0" encoding="UTF-8"?>
<!-- Generated by org.testng.reporters.JUnitXMLReporter -->
<testsuite ignored="0" hostname="DESKTOP-1BLE9HI" failures="0" tests="5" name="Default test" time="42.59" errors="0" timestamp="2024-12-19T19:24:35 IST">
  <testcase classname="com.Guru99.TestCases.RegisterPageTest" name="ContactInformation_Test" time="1.463"/>
  <testcase classname="com.Guru99.TestCases.RegisterPageTest" name="MailingInformation_Test" time="0.597"/>
  <testcase classname="com.Guru99.TestCases.RegisterPageTest" name="countrydropdown_Test" time="7.264"/>
  <testcase classname="com.Guru99.TestCases.RegisterPageTest" name="UserInformation" time="0.319"/>
  <testcase classname="com.Guru99.TestCases.RegisterPageTest" name="submitbutton" time="2.112"/>
</testsuite> <!-- Default test -->
