<?xml version="1.0" encoding="UTF-8"?>
<!-- Generated by org.testng.reporters.JUnitXMLReporter -->
<testsuite ignored="0" hostname="DESKTOP-1BLE9HI" failures="0" tests="5" name="Test" time="40.56" errors="0" timestamp="2024-12-19T19:25:27 IST">
  <testcase classname="com.Guru99.TestCases.RegisterPageTest" name="ContactInformation_Test" time="1.638"/>
  <testcase classname="com.Guru99.TestCases.RegisterPageTest" name="MailingInformation_Test" time="0.437"/>
  <testcase classname="com.Guru99.TestCases.RegisterPageTest" name="countrydropdown_Test" time="8.234"/>
  <testcase classname="com.Guru99.TestCases.RegisterPageTest" name="UserInformation" time="0.348"/>
  <testcase classname="com.Guru99.TestCases.RegisterPageTest" name="submitbutton" time="2.127"/>
</testsuite> <!-- Test -->
