<?xml version="1.0" encoding="UTF-8"?>
<testng-results ignored="0" total="5" passed="5" failed="0" skipped="0">
  <reporter-output>
    <line>
      <![CDATA[Log: Login page is open]]>
    </line>
    <line>
      <![CDATA[Log:Login is completed with valid data set]]>
    </line>
  </reporter-output>
  <suite started-at="2024-12-19T19:24:46 IST" name="Suite" finished-at="2024-12-19T19:25:27 IST" duration-ms="40560">
    <groups>
    </groups>
    <test started-at="2024-12-19T19:24:46 IST" name="Test" finished-at="2024-12-19T19:25:27 IST" duration-ms="40560">
      <class name="com.Guru99.TestCases.RegisterPageTest">
        <test-method is-config="true" signature="ExtendsReports()[pri:0, instance:com.Guru99.TestCases.RegisterPageTest@19e4653c]" started-at="2024-12-19T19:24:46 IST" name="ExtendsReports" finished-at="2024-12-19T19:24:46 IST" duration-ms="209" status="PASS">
          <reporter-output>
          </reporter-output>
        </test-method> <!-- ExtendsReports -->
        <test-method is-config="true" signature="SetUpBrowser()[pri:0, instance:com.Guru99.TestCases.RegisterPageTest@19e4653c]" started-at="2024-12-19T19:24:46 IST" name="SetUpBrowser" finished-at="2024-12-19T19:24:48 IST" duration-ms="2233" status="PASS">
          <reporter-output>
          </reporter-output>
        </test-method> <!-- SetUpBrowser -->
        <test-method is-config="true" signature="SetUpPage()[pri:0, instance:com.Guru99.TestCases.RegisterPageTest@19e4653c]" started-at="2024-12-19T19:24:48 IST" name="SetUpPage" finished-at="2024-12-19T19:25:14 IST" duration-ms="25233" status="PASS">
          <reporter-output>
            <line>
              <![CDATA[Log: Login page is open]]>
            </line>
            <line>
              <![CDATA[Log:Login is completed with valid data set]]>
            </line>
          </reporter-output>
        </test-method> <!-- SetUpPage -->
        <test-method signature="ContactInformation_Test()[pri:1, instance:com.Guru99.TestCases.RegisterPageTest@19e4653c]" started-at="2024-12-19T19:25:14 IST" name="ContactInformation_Test" finished-at="2024-12-19T19:25:15 IST" duration-ms="1638" status="PASS">
          <reporter-output>
          </reporter-output>
        </test-method> <!-- ContactInformation_Test -->
        <test-method signature="MailingInformation_Test()[pri:2, instance:com.Guru99.TestCases.RegisterPageTest@19e4653c]" started-at="2024-12-19T19:25:15 IST" name="MailingInformation_Test" finished-at="2024-12-19T19:25:16 IST" duration-ms="437" status="PASS">
          <reporter-output>
          </reporter-output>
        </test-method> <!-- MailingInformation_Test -->
        <test-method signature="countrydropdown_Test()[pri:3, instance:com.Guru99.TestCases.RegisterPageTest@19e4653c]" started-at="2024-12-19T19:25:16 IST" name="countrydropdown_Test" finished-at="2024-12-19T19:25:24 IST" duration-ms="8234" status="PASS">
          <reporter-output>
          </reporter-output>
        </test-method> <!-- countrydropdown_Test -->
        <test-method signature="UserInformation()[pri:4, instance:com.Guru99.TestCases.RegisterPageTest@19e4653c]" started-at="2024-12-19T19:25:24 IST" name="UserInformation" finished-at="2024-12-19T19:25:24 IST" duration-ms="348" status="PASS">
          <reporter-output>
          </reporter-output>
        </test-method> <!-- UserInformation -->
        <test-method signature="submitbutton()[pri:5, instance:com.Guru99.TestCases.RegisterPageTest@19e4653c]" started-at="2024-12-19T19:25:24 IST" name="submitbutton" finished-at="2024-12-19T19:25:26 IST" duration-ms="2127" status="PASS">
          <reporter-output>
          </reporter-output>
        </test-method> <!-- submitbutton -->
        <test-method is-config="true" signature="exitReport()[pri:0, instance:com.Guru99.TestCases.RegisterPageTest@19e4653c]" started-at="2024-12-19T19:25:26 IST" name="exitReport" finished-at="2024-12-19T19:25:27 IST" duration-ms="245" status="PASS">
          <reporter-output>
          </reporter-output>
        </test-method> <!-- exitReport -->
      </class> <!-- com.Guru99.TestCases.RegisterPageTest -->
    </test> <!-- Test -->
  </suite> <!-- Suite -->
</testng-results>
